<?xml version="1.0" encoding="UTF-8"?>
<testsuite xmlns:xsi="http://www.w3.org/2001/XMLSchema-instance" xsi:noNamespaceSchemaLocation="https://maven.apache.org/surefire/maven-surefire-plugin/xsd/surefire-test-report.xsd" name="com.example.CarrinhoDeCompras_ESTest" time="0.191" tests="13" errors="0" skipped="0" failures="0">
  <properties>
[...]
</properties>
  <testcase name="test10" classname="com.example.CarrinhoDeCompras_ESTest" time="0.005"/>
  <testcase name="test01" classname="com.example.CarrinhoDeCompras_ESTest" time="0.002"/>
  <testcase name="test12" classname="com.example.CarrinhoDeCompras_ESTest" time="0"/>
  <testcase name="test00" classname="com.example.CarrinhoDeCompras_ESTest" time="0.001"/>
  <testcase name="test11" classname="com.example.CarrinhoDeCompras_ESTest" time="0.001"/>
  <testcase name="test03" classname="com.example.CarrinhoDeCompras_ESTest" time="0.001"/>
  <testcase name="test02" classname="com.example.CarrinhoDeCompras_ESTest" time="0"/>
  <testcase name="test05" classname="com.example.CarrinhoDeCompras_ESTest" time="0.001"/>
  <testcase name="test04" classname="com.example.CarrinhoDeCompras_ESTest" time="0.001"/>
  <testcase name="test07" classname="com.example.CarrinhoDeCompras_ESTest" time="0.001"/>
  <testcase name="test06" classname="com.example.CarrinhoDeCompras_ESTest" time="0"/>
  <testcase name="test09" classname="com.example.CarrinhoDeCompras_ESTest" time="0.001"/>
  <testcase name="test08" classname="com.example.CarrinhoDeCompras_ESTest" time="0.001"/>
</testsuite>